{"numFailedTestSuites":1,"numFailedTests":3,"numPassedTestSuites":0,"numPassedTests":0,"numPendingTestSuites":0,"numPendingTests":0,"numRuntimeErrorTestSuites":0,"numTodoTests":0,"numTotalTestSuites":1,"numTotalTests":3,"openHandles":[],"snapshot":{"added":0,"didUpdate":false,"failure":false,"filesAdded":0,"filesRemoved":0,"filesRemovedList":[],"filesUnmatched":0,"filesUpdated":0,"matched":0,"total":0,"unchecked":0,"uncheckedKeysByFile":[],"unmatched":0,"updated":0},"startTime":1765348611806,"success":false,"testResults":[{"assertionResults":[{"ancestorTitles":["Exec Admin Growth endpoints"],"duration":1,"failureDetails":[{"name":"TSError","diagnosticText":"\u001b[96msrc/voice/voice.services.ts\u001b[0m:\u001b[93m593\u001b[0m:\u001b[93m59\u001b[0m - \u001b[91merror\u001b[0m\u001b[90m TS2322: \u001b[0mType 'string' is not assignable to type '\"full\"'.\n\n\u001b[7m593\u001b[0m     const result = await launchGrowthPack({ founderEmail, mode });\n\u001b[7m   \u001b[0m \u001b[91m                                                          ~~~~\u001b[0m\n\n  \u001b[96msrc/services/emAi.service.ts\u001b[0m:\u001b[93m19\u001b[0m:\u001b[93m3\u001b[0m\n    \u001b[7m19\u001b[0m   mode?: 'full';\n    \u001b[7m  \u001b[0m \u001b[96m  ~~~~\u001b[0m\n    The expected type comes from property 'mode' which is declared here on type 'GrowthPackRequest'\n","diagnosticCodes":[2322]}],"failureMessages":[""],"fullName":"Exec Admin Growth endpoints POST /em-ai/exec-admin/growth/run returns 400 without founderEmail","invocations":1,"location":null,"numPassingAsserts":0,"retryReasons":[],"status":"failed","title":"POST /em-ai/exec-admin/growth/run returns 400 without founderEmail"},{"ancestorTitles":["Exec Admin Growth endpoints"],"duration":0,"failureDetails":[{"name":"TSError","diagnosticText":"\u001b[96msrc/voice/voice.services.ts\u001b[0m:\u001b[93m593\u001b[0m:\u001b[93m59\u001b[0m - \u001b[91merror\u001b[0m\u001b[90m TS2322: \u001b[0mType 'string' is not assignable to type '\"full\"'.\n\n\u001b[7m593\u001b[0m     const result = await launchGrowthPack({ founderEmail, mode });\n\u001b[7m   \u001b[0m \u001b[91m                                                          ~~~~\u001b[0m\n\n  \u001b[96msrc/services/emAi.service.ts\u001b[0m:\u001b[93m19\u001b[0m:\u001b[93m3\u001b[0m\n    \u001b[7m19\u001b[0m   mode?: 'full';\n    \u001b[7m  \u001b[0m \u001b[96m  ~~~~\u001b[0m\n    The expected type comes from property 'mode' which is declared here on type 'GrowthPackRequest'\n","diagnosticCodes":[2322]}],"failureMessages":[""],"fullName":"Exec Admin Growth endpoints POST /em-ai/exec-admin/growth/run launches growth pack","invocations":1,"location":null,"numPassingAsserts":0,"retryReasons":[],"status":"failed","title":"POST /em-ai/exec-admin/growth/run launches growth pack"},{"ancestorTitles":["Exec Admin Growth endpoints"],"duration":0,"failureDetails":[{"name":"TSError","diagnosticText":"\u001b[96msrc/voice/voice.services.ts\u001b[0m:\u001b[93m593\u001b[0m:\u001b[93m59\u001b[0m - \u001b[91merror\u001b[0m\u001b[90m TS2322: \u001b[0mType 'string' is not assignable to type '\"full\"'.\n\n\u001b[7m593\u001b[0m     const result = await launchGrowthPack({ founderEmail, mode });\n\u001b[7m   \u001b[0m \u001b[91m                                                          ~~~~\u001b[0m\n\n  \u001b[96msrc/services/emAi.service.ts\u001b[0m:\u001b[93m19\u001b[0m:\u001b[93m3\u001b[0m\n    \u001b[7m19\u001b[0m   mode?: 'full';\n    \u001b[7m  \u001b[0m \u001b[96m  ~~~~\u001b[0m\n    The expected type comes from property 'mode' which is declared here on type 'GrowthPackRequest'\n","diagnosticCodes":[2322]}],"failureMessages":[""],"fullName":"Exec Admin Growth endpoints GET /em-ai/exec-admin/growth/status returns orchestrator status","invocations":1,"location":null,"numPassingAsserts":0,"retryReasons":[],"status":"failed","title":"GET /em-ai/exec-admin/growth/status returns orchestrator status"}],"endTime":1765348625339,"message":"  ● Exec Admin Growth endpoints › POST /em-ai/exec-admin/growth/run returns 400 without founderEmail\n\n\n\n\n\n  ● Exec Admin Growth endpoints › POST /em-ai/exec-admin/growth/run launches growth pack\n\n\n\n\n\n  ● Exec Admin Growth endpoints › GET /em-ai/exec-admin/growth/status returns orchestrator status\n\n\n\n\n","name":"C:\\dev\\elevated-movements\\em-ai-ecosystem\\packages\\api\\tests\\routes\\emAiAgents.router.execAdmin.growth.spec.ts","startTime":1765348612061,"status":"failed","summary":""}],"wasInterrupted":false}
