{"numFailedTestSuites":1,"numFailedTests":3,"numPassedTestSuites":0,"numPassedTests":0,"numPendingTestSuites":0,"numPendingTests":0,"numRuntimeErrorTestSuites":0,"numTodoTests":0,"numTotalTestSuites":1,"numTotalTests":3,"openHandles":[],"snapshot":{"added":0,"didUpdate":false,"failure":false,"filesAdded":0,"filesRemoved":0,"filesRemovedList":[],"filesUnmatched":0,"filesUpdated":0,"matched":0,"total":0,"unchecked":0,"uncheckedKeysByFile":[],"unmatched":0,"updated":0},"startTime":1765348676205,"success":false,"testResults":[{"assertionResults":[{"ancestorTitles":["Voice Intent - growth_check_in"],"duration":1,"failureDetails":[{"name":"TSError","diagnosticText":"\u001b[96msrc/voice/intent.router.ts\u001b[0m:\u001b[93m85\u001b[0m:\u001b[93m68\u001b[0m - \u001b[91merror\u001b[0m\u001b[90m TS2322: \u001b[0mType 'string' is not assignable to type '\"full\"'.\n\n\u001b[7m85\u001b[0m     const result = await handleGrowthCheckInIntent({ founderEmail, mode });\n\u001b[7m  \u001b[0m \u001b[91m                                                                   ~~~~\u001b[0m\n\n  \u001b[96msrc/voice/voice.services.ts\u001b[0m:\u001b[93m584\u001b[0m:\u001b[93m3\u001b[0m\n    \u001b[7m584\u001b[0m   mode?: 'full';\n    \u001b[7m   \u001b[0m \u001b[96m  ~~~~\u001b[0m\n    The expected type comes from property 'mode' which is declared here on type 'GrowthCheckInInput'\n","diagnosticCodes":[2322]}],"failureMessages":[""],"fullName":"Voice Intent - growth_check_in launches growth pack with explicit metadata","invocations":1,"location":null,"numPassingAsserts":0,"retryReasons":[],"status":"failed","title":"launches growth pack with explicit metadata"},{"ancestorTitles":["Voice Intent - growth_check_in"],"duration":1,"failureDetails":[{"name":"TSError","diagnosticText":"\u001b[96msrc/voice/intent.router.ts\u001b[0m:\u001b[93m85\u001b[0m:\u001b[93m68\u001b[0m - \u001b[91merror\u001b[0m\u001b[90m TS2322: \u001b[0mType 'string' is not assignable to type '\"full\"'.\n\n\u001b[7m85\u001b[0m     const result = await handleGrowthCheckInIntent({ founderEmail, mode });\n\u001b[7m  \u001b[0m \u001b[91m                                                                   ~~~~\u001b[0m\n\n  \u001b[96msrc/voice/voice.services.ts\u001b[0m:\u001b[93m584\u001b[0m:\u001b[93m3\u001b[0m\n    \u001b[7m584\u001b[0m   mode?: 'full';\n    \u001b[7m   \u001b[0m \u001b[96m  ~~~~\u001b[0m\n    The expected type comes from property 'mode' which is declared here on type 'GrowthCheckInInput'\n","diagnosticCodes":[2322]}],"failureMessages":[""],"fullName":"Voice Intent - growth_check_in defaults founderEmail when not provided","invocations":1,"location":null,"numPassingAsserts":0,"retryReasons":[],"status":"failed","title":"defaults founderEmail when not provided"},{"ancestorTitles":["Voice Intent - growth_check_in"],"duration":0,"failureDetails":[{"name":"TSError","diagnosticText":"\u001b[96msrc/voice/intent.router.ts\u001b[0m:\u001b[93m85\u001b[0m:\u001b[93m68\u001b[0m - \u001b[91merror\u001b[0m\u001b[90m TS2322: \u001b[0mType 'string' is not assignable to type '\"full\"'.\n\n\u001b[7m85\u001b[0m     const result = await handleGrowthCheckInIntent({ founderEmail, mode });\n\u001b[7m  \u001b[0m \u001b[91m                                                                   ~~~~\u001b[0m\n\n  \u001b[96msrc/voice/voice.services.ts\u001b[0m:\u001b[93m584\u001b[0m:\u001b[93m3\u001b[0m\n    \u001b[7m584\u001b[0m   mode?: 'full';\n    \u001b[7m   \u001b[0m \u001b[96m  ~~~~\u001b[0m\n    The expected type comes from property 'mode' which is declared here on type 'GrowthCheckInInput'\n","diagnosticCodes":[2322]}],"failureMessages":[""],"fullName":"Voice Intent - growth_check_in returns friendly error when launch fails","invocations":1,"location":null,"numPassingAsserts":0,"retryReasons":[],"status":"failed","title":"returns friendly error when launch fails"}],"endTime":1765348691660,"message":"  ● Voice Intent - growth_check_in › launches growth pack with explicit metadata\n\n\n\n\n\n  ● Voice Intent - growth_check_in › defaults founderEmail when not provided\n\n\n\n\n\n  ● Voice Intent - growth_check_in › returns friendly error when launch fails\n\n\n\n\n","name":"C:\\dev\\elevated-movements\\em-ai-ecosystem\\packages\\api\\tests\\routes\\voice.intent.growth.spec.ts","startTime":1765348676484,"status":"failed","summary":""}],"wasInterrupted":false}
